#
# A fatal error has been detected by the Java Runtime Environment:
#
#  Internal Error (javaClasses.cpp:136), pid=6413, tid=140400861247232
#  fatal error: Invalid layout of preloaded class
#
# JRE version:  (7.0_51-b31) (build )
# Java VM: OpenJDK 64-Bit Server VM (24.51-b03 mixed mode linux-amd64 compressed oops)
# Failed to write core dump. Core dumps have been disabled. To enable core dumping, try "ulimit -c unlimited" before starting Java again
#
# If you would like to submit a bug report, please include
# instructions on how to reproduce the bug and visit:
#   http://icedtea.classpath.org/bugzilla
#

---------------  T H R E A D  ---------------

Current thread (0x00007fb19800a000):  JavaThread "Unknown thread" [_thread_in_vm, id=6419, stack(0x00007fb19f65f000,0x00007fb19f760000)]

Stack: [0x00007fb19f65f000,0x00007fb19f760000],  sp=0x00007fb19f75e910,  free space=1022k
Native frames: (J=compiled Java code, j=interpreted, Vv=VM code, C=native code)
V  [libjvm.so+0x917a35]  VMError::report_and_die()+0x175
V  [libjvm.so+0x4680a4]  report_fatal(char const*, int, char const*)+0x54
V  [libjvm.so+0x5c0e7a]  compute_offset(int&, klassOopDesc*, Symbol*, Symbol*, bool) [clone .constprop.121]+0x10a
V  [libjvm.so+0x5c1486]  java_lang_String::compute_offsets()+0x36
V  [libjvm.so+0x89e64c]  SystemDictionary::initialize_preloaded_classes(Thread*)+0xcc
V  [libjvm.so+0x8e9598]  Universe::genesis(Thread*)+0x468
V  [libjvm.so+0x8e9ba4]  universe2_init()+0x24
V  [libjvm.so+0x575b7a]  init_globals()+0x9a
V  [libjvm.so+0x8cceaf]  Threads::create_vm(JavaVMInitArgs*, bool*)+0x35f
V  [libjvm.so+0x5df3c4]  JNI_CreateJavaVM+0x54
C  [libjli.so+0x2b18]  __strcat_chk+0x2b18


---------------  P R O C E S S  ---------------

Java Threads: ( => current thread )

Other Threads:

=>0x00007fb19800a000 (exited) JavaThread "Unknown thread" [_thread_in_vm, id=6419, stack(0x00007fb19f65f000,0x00007fb19f760000)]

VM state:not at safepoint (not fully initialized)

VM Mutex/Monitor currently owned by a thread: None

GC Heap History (0 events):
No events

Deoptimization events (0 events):
No events

Internal exceptions (0 events):
No events

Events (10 events):
Event: 0.058 loading class 0x00007fb19482e6f0 done
Event: 0.058 loading class 0x00007fb19482e110 done
Event: 0.058 loading class 0x00007fb19482e0f0
Event: 0.058 loading class 0x00007fb194836130
Event: 0.058 loading class 0x00007fb194836130 done
Event: 0.058 loading class 0x00007fb194836160
Event: 0.058 loading class 0x00007fb194836160 done
Event: 0.058 loading class 0x00007fb194836190
Event: 0.058 loading class 0x00007fb194836190 done
Event: 0.058 loading class 0x00007fb19482e0f0 done


Dynamic libraries:
00400000-00401000 r-xp 00000000 fc:00 6689716                            /usr/lib/jvm/java-7-openjdk-amd64/jre/bin/java
00600000-00601000 r--p 00000000 fc:00 6689716                            /usr/lib/jvm/java-7-openjdk-amd64/jre/bin/java
00601000-00602000 rw-p 00001000 fc:00 6689716                            /usr/lib/jvm/java-7-openjdk-amd64/jre/bin/java
00835000-00856000 rw-p 00000000 00:00 0                                  [heap]
b9a00000-baf00000 rw-p 00000000 00:00 0 
baf00000-c4000000 rw-p 00000000 00:00 0 
c4000000-c6800000 rw-p 00000000 00:00 0 
c6800000-ec000000 rw-p 00000000 00:00 0 
ec000000-ed400000 rw-p 00000000 00:00 0 
ed400000-100000000 rw-p 00000000 00:00 0 
7fb17dcd0000-7fb180000000 rw-p 00000000 00:00 0 
7fb180000000-7fb180021000 rw-p 00000000 00:00 0 
7fb180021000-7fb184000000 ---p 00000000 00:00 0 
7fb188000000-7fb188021000 rw-p 00000000 00:00 0 
7fb188021000-7fb18c000000 ---p 00000000 00:00 0 
7fb18c000000-7fb18c021000 rw-p 00000000 00:00 0 
7fb18c021000-7fb190000000 ---p 00000000 00:00 0 
7fb190000000-7fb190021000 rw-p 00000000 00:00 0 
7fb190021000-7fb194000000 ---p 00000000 00:00 0 
7fb1944ab000-7fb1946e1000 rw-p 00000000 00:00 0 
7fb1946e1000-7fb1947b8000 r--s 013fe000 fc:00 2242408                    /home/simon/Programs/adt-bundle-linux-x86_64-20140321/sdk/platforms/android-19/android.jar
7fb1947b8000-7fb194abc000 rw-p 00000000 00:00 0 
7fb194abc000-7fb194abd000 ---p 00000000 00:00 0 
7fb194abd000-7fb194bbd000 rw-p 00000000 00:00 0                          [stack:6426]
7fb194bbd000-7fb194bbe000 ---p 00000000 00:00 0 
7fb194bbe000-7fb194cbe000 rw-p 00000000 00:00 0                          [stack:6425]
7fb194cbe000-7fb194cbf000 ---p 00000000 00:00 0 
7fb194cbf000-7fb194dbf000 rw-p 00000000 00:00 0                          [stack:6424]
7fb194dbf000-7fb194dc0000 ---p 00000000 00:00 0 
7fb194dc0000-7fb194ed4000 rw-p 00000000 00:00 0                          [stack:6423]
7fb194ed4000-7fb195000000 rw-p 00000000 00:00 0 
7fb195000000-7fb195270000 rwxp 00000000 00:00 0 
7fb195270000-7fb198056000 rw-p 00000000 00:00 0 
7fb198056000-7fb19c000000 ---p 00000000 00:00 0 
7fb19c016000-7fb19c070000 rw-p 00000000 00:00 0 
7fb19c070000-7fb19c0b8000 rw-p 00000000 00:00 0 
7fb19c0b8000-7fb19c0c3000 rw-p 00000000 00:00 0 
7fb19c0c3000-7fb19c10b000 rw-p 00000000 00:00 0 
7fb19c10b000-7fb19c11f000 rw-p 00000000 00:00 0 
7fb19c11f000-7fb19c24b000 rw-p 00000000 00:00 0 
7fb19c24b000-7fb19c255000 rw-p 00000000 00:00 0 
7fb19c255000-7fb19c2eb000 rw-p 00000000 00:00 0 
7fb19c2eb000-7fb19c2ec000 rw-p 00000000 00:00 0 
7fb19c2ec000-7fb19c2f4000 r-xp 00000000 fc:00 6689644                    /usr/lib/jvm/java-7-openjdk-amd64/jre/lib/amd64/libzip.so
7fb19c2f4000-7fb19c4f3000 ---p 00008000 fc:00 6689644                    /usr/lib/jvm/java-7-openjdk-amd64/jre/lib/amd64/libzip.so
7fb19c4f3000-7fb19c4f4000 r--p 00007000 fc:00 6689644                    /usr/lib/jvm/java-7-openjdk-amd64/jre/lib/amd64/libzip.so
7fb19c4f4000-7fb19c4f5000 rw-p 00008000 fc:00 6689644                    /usr/lib/jvm/java-7-openjdk-amd64/jre/lib/amd64/libzip.so
7fb19c4f5000-7fb19c500000 r-xp 00000000 fc:00 3413791                    /lib/x86_64-linux-gnu/libnss_files-2.19.so
7fb19c500000-7fb19c6ff000 ---p 0000b000 fc:00 3413791                    /lib/x86_64-linux-gnu/libnss_files-2.19.so
7fb19c6ff000-7fb19c700000 r--p 0000a000 fc:00 3413791                    /lib/x86_64-linux-gnu/libnss_files-2.19.so
7fb19c700000-7fb19c701000 rw-p 0000b000 fc:00 3413791                    /lib/x86_64-linux-gnu/libnss_files-2.19.so
7fb19c701000-7fb19c70c000 r-xp 00000000 fc:00 3411795                    /lib/x86_64-linux-gnu/libnss_nis-2.19.so
7fb19c70c000-7fb19c90b000 ---p 0000b000 fc:00 3411795                    /lib/x86_64-linux-gnu/libnss_nis-2.19.so
7fb19c90b000-7fb19c90c000 r--p 0000a000 fc:00 3411795                    /lib/x86_64-linux-gnu/libnss_nis-2.19.so
7fb19c90c000-7fb19c90d000 rw-p 0000b000 fc:00 3411795                    /lib/x86_64-linux-gnu/libnss_nis-2.19.so
7fb19c90d000-7fb19c924000 r-xp 00000000 fc:00 3407898                    /lib/x86_64-linux-gnu/libnsl-2.19.so
7fb19c924000-7fb19cb23000 ---p 00017000 fc:00 3407898                    /lib/x86_64-linux-gnu/libnsl-2.19.so
7fb19cb23000-7fb19cb24000 r--p 00016000 fc:00 3407898                    /lib/x86_64-linux-gnu/libnsl-2.19.so
7fb19cb24000-7fb19cb25000 rw-p 00017000 fc:00 3407898                    /lib/x86_64-linux-gnu/libnsl-2.19.so
7fb19cb25000-7fb19cb27000 rw-p 00000000 00:00 0 
7fb19cb27000-7fb19cb30000 r-xp 00000000 fc:00 3407980                    /lib/x86_64-linux-gnu/libnss_compat-2.19.so
7fb19cb30000-7fb19cd2f000 ---p 00009000 fc:00 3407980                    /lib/x86_64-linux-gnu/libnss_compat-2.19.so
7fb19cd2f000-7fb19cd30000 r--p 00008000 fc:00 3407980                    /lib/x86_64-linux-gnu/libnss_compat-2.19.so
7fb19cd30000-7fb19cd31000 rw-p 00009000 fc:00 3407980                    /lib/x86_64-linux-gnu/libnss_compat-2.19.so
7fb19cd31000-7fb19cd5c000 r-xp 00000000 fc:00 6689641                    /usr/lib/jvm/java-7-openjdk-amd64/jre/lib/amd64/libjava.so
7fb19cd5c000-7fb19cf5b000 ---p 0002b000 fc:00 6689641                    /usr/lib/jvm/java-7-openjdk-amd64/jre/lib/amd64/libjava.so
7fb19cf5b000-7fb19cf5c000 r--p 0002a000 fc:00 6689641                    /usr/lib/jvm/java-7-openjdk-amd64/jre/lib/amd64/libjava.so
7fb19cf5c000-7fb19cf5e000 rw-p 0002b000 fc:00 6689641                    /usr/lib/jvm/java-7-openjdk-amd64/jre/lib/amd64/libjava.so
7fb19cf5e000-7fb19cf6e000 r-xp 00000000 fc:00 6689655                    /usr/lib/jvm/java-7-openjdk-amd64/jre/lib/amd64/libverify.so
7fb19cf6e000-7fb19d16d000 ---p 00010000 fc:00 6689655                    /usr/lib/jvm/java-7-openjdk-amd64/jre/lib/amd64/libverify.so
7fb19d16d000-7fb19d16f000 r--p 0000f000 fc:00 6689655                    /usr/lib/jvm/java-7-openjdk-amd64/jre/lib/amd64/libverify.so
7fb19d16f000-7fb19d170000 rw-p 00011000 fc:00 6689655                    /usr/lib/jvm/java-7-openjdk-amd64/jre/lib/amd64/libverify.so
7fb19d170000-7fb19d177000 r-xp 00000000 fc:00 3411788                    /lib/x86_64-linux-gnu/librt-2.19.so
7fb19d177000-7fb19d376000 ---p 00007000 fc:00 3411788                    /lib/x86_64-linux-gnu/librt-2.19.so
7fb19d376000-7fb19d377000 r--p 00006000 fc:00 3411788                    /lib/x86_64-linux-gnu/librt-2.19.so
7fb19d377000-7fb19d378000 rw-p 00007000 fc:00 3411788                    /lib/x86_64-linux-gnu/librt-2.19.so
7fb19d378000-7fb19d38e000 r-xp 00000000 fc:00 3413803                    /lib/x86_64-linux-gnu/libgcc_s.so.1
7fb19d38e000-7fb19d58d000 ---p 00016000 fc:00 3413803                    /lib/x86_64-linux-gnu/libgcc_s.so.1
7fb19d58d000-7fb19d58e000 rw-p 00015000 fc:00 3413803                    /lib/x86_64-linux-gnu/libgcc_s.so.1
7fb19d58e000-7fb19d693000 r-xp 00000000 fc:00 3412009                    /lib/x86_64-linux-gnu/libm-2.19.so
7fb19d693000-7fb19d892000 ---p 00105000 fc:00 3412009                    /lib/x86_64-linux-gnu/libm-2.19.so
7fb19d892000-7fb19d893000 r--p 00104000 fc:00 3412009                    /lib/x86_64-linux-gnu/libm-2.19.so
7fb19d893000-7fb19d894000 rw-p 00105000 fc:00 3412009                    /lib/x86_64-linux-gnu/libm-2.19.so
7fb19d894000-7fb19d97a000 r-xp 00000000 fc:00 6556245                    /usr/lib/x86_64-linux-gnu/libstdc++.so.6.0.19
7fb19d97a000-7fb19db79000 ---p 000e6000 fc:00 6556245                    /usr/lib/x86_64-linux-gnu/libstdc++.so.6.0.19
7fb19db79000-7fb19db81000 r--p 000e5000 fc:00 6556245                    /usr/lib/x86_64-linux-gnu/libstdc++.so.6.0.19
7fb19db81000-7fb19db83000 rw-p 000ed000 fc:00 6556245                    /usr/lib/x86_64-linux-gnu/libstdc++.so.6.0.19
7fb19db83000-7fb19db98000 rw-p 00000000 00:00 0 
7fb19db98000-7fb19e679000 r-xp 00000000 fc:00 6689667                    /usr/lib/jvm/java-7-openjdk-amd64/jre/lib/amd64/server/libjvm.so
7fb19e679000-7fb19e878000 ---p 00ae1000 fc:00 6689667                    /usr/lib/jvm/java-7-openjdk-amd64/jre/lib/amd64/server/libjvm.so
7fb19e878000-7fb19e90a000 r--p 00ae0000 fc:00 6689667                    /usr/lib/jvm/java-7-openjdk-amd64/jre/lib/amd64/server/libjvm.so
7fb19e90a000-7fb19e92d000 rw-p 00b72000 fc:00 6689667                    /usr/lib/jvm/java-7-openjdk-amd64/jre/lib/amd64/server/libjvm.so
7fb19e92d000-7fb19e95a000 rw-p 00000000 00:00 0 
7fb19e95a000-7fb19e972000 r-xp 00000000 fc:00 3412029                    /lib/x86_64-linux-gnu/libz.so.1.2.8
7fb19e972000-7fb19eb71000 ---p 00018000 fc:00 3412029                    /lib/x86_64-linux-gnu/libz.so.1.2.8
7fb19eb71000-7fb19eb72000 r--p 00017000 fc:00 3412029                    /lib/x86_64-linux-gnu/libz.so.1.2.8
7fb19eb72000-7fb19eb73000 rw-p 00018000 fc:00 3412029                    /lib/x86_64-linux-gnu/libz.so.1.2.8
7fb19eb73000-7fb19eb8c000 r-xp 00000000 fc:00 3407982                    /lib/x86_64-linux-gnu/libpthread-2.19.so
7fb19eb8c000-7fb19ed8b000 ---p 00019000 fc:00 3407982                    /lib/x86_64-linux-gnu/libpthread-2.19.so
7fb19ed8b000-7fb19ed8c000 r--p 00018000 fc:00 3407982                    /lib/x86_64-linux-gnu/libpthread-2.19.so
7fb19ed8c000-7fb19ed8d000 rw-p 00019000 fc:00 3407982                    /lib/x86_64-linux-gnu/libpthread-2.19.so
7fb19ed8d000-7fb19ed91000 rw-p 00000000 00:00 0 
7fb19ed91000-7fb19ed94000 r-xp 00000000 fc:00 3413798                    /lib/x86_64-linux-gnu/libdl-2.19.so
7fb19ed94000-7fb19ef93000 ---p 00003000 fc:00 3413798                    /lib/x86_64-linux-gnu/libdl-2.19.so
7fb19ef93000-7fb19ef94000 r--p 00002000 fc:00 3413798                    /lib/x86_64-linux-gnu/libdl-2.19.so
7fb19ef94000-7fb19ef95000 rw-p 00003000 fc:00 3413798                    /lib/x86_64-linux-gnu/libdl-2.19.so
7fb19ef95000-7fb19f151000 r-xp 00000000 fc:00 3407891                    /lib/x86_64-linux-gnu/libc-2.19.so
7fb19f151000-7fb19f350000 ---p 001bc000 fc:00 3407891                    /lib/x86_64-linux-gnu/libc-2.19.so
7fb19f350000-7fb19f354000 r--p 001bb000 fc:00 3407891                    /lib/x86_64-linux-gnu/libc-2.19.so
7fb19f354000-7fb19f356000 rw-p 001bf000 fc:00 3407891                    /lib/x86_64-linux-gnu/libc-2.19.so
7fb19f356000-7fb19f35b000 rw-p 00000000 00:00 0 
7fb19f35b000-7fb19f368000 r-xp 00000000 fc:00 6689672                    /usr/lib/jvm/java-7-openjdk-amd64/jre/lib/amd64/jli/libjli.so
7fb19f368000-7fb19f567000 ---p 0000d000 fc:00 6689672                    /usr/lib/jvm/java-7-openjdk-amd64/jre/lib/amd64/jli/libjli.so
7fb19f567000-7fb19f568000 r--p 0000c000 fc:00 6689672                    /usr/lib/jvm/java-7-openjdk-amd64/jre/lib/amd64/jli/libjli.so
7fb19f568000-7fb19f569000 rw-p 0000d000 fc:00 6689672                    /usr/lib/jvm/java-7-openjdk-amd64/jre/lib/amd64/jli/libjli.so
7fb19f569000-7fb19f58c000 r-xp 00000000 fc:00 3413782                    /lib/x86_64-linux-gnu/ld-2.19.so
7fb19f59f000-7fb19f5a9000 rw-p 00000000 00:00 0 
7fb19f5a9000-7fb19f65f000 rw-p 00000000 00:00 0 
7fb19f65f000-7fb19f662000 ---p 00000000 00:00 0 
7fb19f662000-7fb19f765000 rw-p 00000000 00:00 0                          [stack:6419]
7fb19f767000-7fb19f77f000 rw-p 00000000 00:00 0 
7fb19f77f000-7fb19f787000 rw-s 00000000 fc:00 6821413                    /tmp/hsperfdata_simon/6413
7fb19f787000-7fb19f788000 rw-p 00000000 00:00 0 
7fb19f788000-7fb19f789000 r--p 00000000 00:00 0 
7fb19f789000-7fb19f78b000 rw-p 00000000 00:00 0 
7fb19f78b000-7fb19f78c000 r--p 00022000 fc:00 3413782                    /lib/x86_64-linux-gnu/ld-2.19.so
7fb19f78c000-7fb19f78d000 rw-p 00023000 fc:00 3413782                    /lib/x86_64-linux-gnu/ld-2.19.so
7fb19f78d000-7fb19f78e000 rw-p 00000000 00:00 0 
7fff65843000-7fff65864000 rw-p 00000000 00:00 0                          [stack]
7fff658e7000-7fff658e9000 r-xp 00000000 00:00 0                          [vdso]
ffffffffff600000-ffffffffff601000 r-xp 00000000 00:00 0                  [vsyscall]

VM Arguments:
jvm_args: -Dfile.encoding=UTF-8 -Xbootclasspath:/home/simon/Programs/adt-bundle-linux-x86_64-20140321/sdk/platforms/android-19/android.jar 
java_command: com.ThailandCrew.skalman2.database
Launcher Type: SUN_STANDARD

Environment Variables:
PATH=/usr/local/sbin:/usr/local/bin:/usr/sbin:/usr/bin:/sbin:/bin:/usr/games:/usr/local/games:/opt/android-sdk-linux/tools:/opt/android-sdk-linux/platform-tools
USERNAME=simon
SHELL=/bin/bash
DISPLAY=:0.0

Signal Handlers:
SIGSEGV: [libjvm.so+0x918520], sa_mask[0]=0x7ffbfeff, sa_flags=0x10000004
SIGBUS: [libjvm.so+0x918520], sa_mask[0]=0x7ffbfeff, sa_flags=0x10000004
SIGFPE: [libjvm.so+0x795d30], sa_mask[0]=0x7ffbfeff, sa_flags=0x10000004
SIGPIPE: [libjvm.so+0x795d30], sa_mask[0]=0x7ffbfeff, sa_flags=0x10000004
SIGXFSZ: [libjvm.so+0x795d30], sa_mask[0]=0x7ffbfeff, sa_flags=0x10000004
SIGILL: [libjvm.so+0x795d30], sa_mask[0]=0x7ffbfeff, sa_flags=0x10000004
SIGUSR1: SIG_DFL, sa_mask[0]=0x00000000, sa_flags=0x00000000
SIGUSR2: [libjvm.so+0x795bd0], sa_mask[0]=0x00000004, sa_flags=0x10000004
SIGHUP: SIG_DFL, sa_mask[0]=0x00000000, sa_flags=0x00000000
SIGINT: SIG_DFL, sa_mask[0]=0x00000000, sa_flags=0x00000000
SIGTERM: SIG_DFL, sa_mask[0]=0x00000000, sa_flags=0x00000000
SIGQUIT: SIG_DFL, sa_mask[0]=0x00000000, sa_flags=0x00000000


---------------  S Y S T E M  ---------------

OS:Ubuntu 14.04 (trusty)
uname:Linux 3.13.0-16-generic #36-Ubuntu SMP Tue Mar 4 23:02:40 UTC 2014 x86_64
libc:glibc 2.19 NPTL 2.19 
rlimit: STACK 8192k, CORE 0k, NPROC 30369, NOFILE 4096, AS infinity
load average:2.72 2.48 2.70

/proc/meminfo:
MemTotal:        3931696 kB
MemFree:          103308 kB
Buffers:            3964 kB
Cached:           755180 kB
SwapCached:       120112 kB
Active:          2676800 kB
Inactive:         895080 kB
Active(anon):    2574076 kB
Inactive(anon):   797516 kB
Active(file):     102724 kB
Inactive(file):    97564 kB
Unevictable:         168 kB
Mlocked:             168 kB
SwapTotal:       4079612 kB
SwapFree:        3306360 kB
Dirty:                28 kB
Writeback:             0 kB
AnonPages:       2762028 kB
Mapped:           259156 kB
Shmem:            558296 kB
Slab:             123984 kB
SReclaimable:      81648 kB
SUnreclaim:        42336 kB
KernelStack:        5976 kB
PageTables:        57448 kB
NFS_Unstable:          0 kB
Bounce:                0 kB
WritebackTmp:          0 kB
CommitLimit:     6045460 kB
Committed_AS:    9325868 kB
VmallocTotal:   34359738367 kB
VmallocUsed:      434680 kB
VmallocChunk:   34359283068 kB
HardwareCorrupted:     0 kB
AnonHugePages:    608256 kB
HugePages_Total:       0
HugePages_Free:        0
HugePages_Rsvd:        0
HugePages_Surp:        0
Hugepagesize:       2048 kB
DirectMap4k:      149720 kB
DirectMap2M:     3999744 kB


CPU:total 4 (2 cores per cpu, 2 threads per core) family 6 model 58 stepping 9, cmov, cx8, fxsr, mmx, sse, sse2, sse3, ssse3, sse4.1, sse4.2, popcnt, avx, aes, erms, ht, tsc, tscinvbit, tscinv

/proc/cpuinfo:
processor	: 0
vendor_id	: GenuineIntel
cpu family	: 6
model		: 58
model name	: Intel(R) Core(TM) i7-3517U CPU @ 1.90GHz
stepping	: 9
microcode	: 0x15
cpu MHz		: 1900.000
cache size	: 4096 KB
physical id	: 0
siblings	: 4
core id		: 0
cpu cores	: 2
apicid		: 0
initial apicid	: 0
fpu		: yes
fpu_exception	: yes
cpuid level	: 13
wp		: yes
flags		: fpu vme de pse tsc msr pae mce cx8 apic sep mtrr pge mca cmov pat pse36 clflush dts acpi mmx fxsr sse sse2 ss ht tm pbe syscall nx rdtscp lm constant_tsc arch_perfmon pebs bts rep_good nopl xtopology nonstop_tsc aperfmperf eagerfpu pni pclmulqdq dtes64 monitor ds_cpl vmx est tm2 ssse3 cx16 xtpr pdcm pcid sse4_1 sse4_2 x2apic popcnt tsc_deadline_timer aes xsave avx f16c rdrand lahf_lm ida arat epb xsaveopt pln pts dtherm tpr_shadow vnmi flexpriority ept vpid fsgsbase smep erms
bogomips	: 4788.78
clflush size	: 64
cache_alignment	: 64
address sizes	: 36 bits physical, 48 bits virtual
power management:

processor	: 1
vendor_id	: GenuineIntel
cpu family	: 6
model		: 58
model name	: Intel(R) Core(TM) i7-3517U CPU @ 1.90GHz
stepping	: 9
microcode	: 0x15
cpu MHz		: 1900.000
cache size	: 4096 KB
physical id	: 0
siblings	: 4
core id		: 1
cpu cores	: 2
apicid		: 2
initial apicid	: 2
fpu		: yes
fpu_exception	: yes
cpuid level	: 13
wp		: yes
flags		: fpu vme de pse tsc msr pae mce cx8 apic sep mtrr pge mca cmov pat pse36 clflush dts acpi mmx fxsr sse sse2 ss ht tm pbe syscall nx rdtscp lm constant_tsc arch_perfmon pebs bts rep_good nopl xtopology nonstop_tsc aperfmperf eagerfpu pni pclmulqdq dtes64 monitor ds_cpl vmx est tm2 ssse3 cx16 xtpr pdcm pcid sse4_1 sse4_2 x2apic popcnt tsc_deadline_timer aes xsave avx f16c rdrand lahf_lm ida arat epb xsaveopt pln pts dtherm tpr_shadow vnmi flexpriority ept vpid fsgsbase smep erms
bogomips	: 4788.78
clflush size	: 64
cache_alignment	: 64
address sizes	: 36 bits physical, 48 bits virtual
power management:

processor	: 2
vendor_id	: GenuineIntel
cpu family	: 6
model		: 58
model name	: Intel(R) Core(TM) i7-3517U CPU @ 1.90GHz
stepping	: 9
microcode	: 0x15
cpu MHz		: 1900.000
cache size	: 4096 KB
physical id	: 0
siblings	: 4
core id		: 0
cpu cores	: 2
apicid		: 1
initial apicid	: 1
fpu		: yes
fpu_exception	: yes
cpuid level	: 13
wp		: yes
flags		: fpu vme de pse tsc msr pae mce cx8 apic sep mtrr pge mca cmov pat pse36 clflush dts acpi mmx fxsr sse sse2 ss ht tm pbe syscall nx rdtscp lm constant_tsc arch_perfmon pebs bts rep_good nopl xtopology nonstop_tsc aperfmperf eagerfpu pni pclmulqdq dtes64 monitor ds_cpl vmx est tm2 ssse3 cx16 xtpr pdcm pcid sse4_1 sse4_2 x2apic popcnt tsc_deadline_timer aes xsave avx f16c rdrand lahf_lm ida arat epb xsaveopt pln pts dtherm tpr_shadow vnmi flexpriority ept vpid fsgsbase smep erms
bogomips	: 4788.78
clflush size	: 64
cache_alignment	: 64
address sizes	: 36 bits physical, 48 bits virtual
power management:

processor	: 3
vendor_id	: GenuineIntel
cpu family	: 6
model		: 58
model name	: Intel(R) Core(TM) i7-3517U CPU @ 1.90GHz
stepping	: 9
microcode	: 0x15
cpu MHz		: 1400.000
cache size	: 4096 KB
physical id	: 0
siblings	: 4
core id		: 1
cpu cores	: 2
apicid		: 3
initial apicid	: 3
fpu		: yes
fpu_exception	: yes
cpuid level	: 13
wp		: yes
flags		: fpu vme de pse tsc msr pae mce cx8 apic sep mtrr pge mca cmov pat pse36 clflush dts acpi mmx fxsr sse sse2 ss ht tm pbe syscall nx rdtscp lm constant_tsc arch_perfmon pebs bts rep_good nopl xtopology nonstop_tsc aperfmperf eagerfpu pni pclmulqdq dtes64 monitor ds_cpl vmx est tm2 ssse3 cx16 xtpr pdcm pcid sse4_1 sse4_2 x2apic popcnt tsc_deadline_timer aes xsave avx f16c rdrand lahf_lm ida arat epb xsaveopt pln pts dtherm tpr_shadow vnmi flexpriority ept vpid fsgsbase smep erms
bogomips	: 4788.78
clflush size	: 64
cache_alignment	: 64
address sizes	: 36 bits physical, 48 bits virtual
power management:



Memory: 4k page, physical 3931696k(103308k free), swap 4079612k(3306360k free)

vm_info: OpenJDK 64-Bit Server VM (24.51-b03) for linux-amd64 JRE (1.7.0_51-b31), built on Apr  8 2014 08:40:48 by "buildd" with gcc 4.8.2

time: Thu May  8 16:16:38 2014
elapsed time: 0 seconds

