#
# A fatal error has been detected by the Java Runtime Environment:
#
#  Internal Error (javaClasses.cpp:136), pid=6500, tid=140056996562688
#  fatal error: Invalid layout of preloaded class
#
# JRE version:  (7.0_51-b31) (build )
# Java VM: OpenJDK 64-Bit Server VM (24.51-b03 mixed mode linux-amd64 compressed oops)
# Failed to write core dump. Core dumps have been disabled. To enable core dumping, try "ulimit -c unlimited" before starting Java again
#
# If you would like to submit a bug report, please include
# instructions on how to reproduce the bug and visit:
#   http://icedtea.classpath.org/bugzilla
#

---------------  T H R E A D  ---------------

Current thread (0x00007f618800a000):  JavaThread "Unknown thread" [_thread_in_vm, id=6505, stack(0x00007f618f774000,0x00007f618f875000)]

Stack: [0x00007f618f774000,0x00007f618f875000],  sp=0x00007f618f873910,  free space=1022k
Native frames: (J=compiled Java code, j=interpreted, Vv=VM code, C=native code)
V  [libjvm.so+0x917a35]  VMError::report_and_die()+0x175
V  [libjvm.so+0x4680a4]  report_fatal(char const*, int, char const*)+0x54
V  [libjvm.so+0x5c0e7a]  compute_offset(int&, klassOopDesc*, Symbol*, Symbol*, bool) [clone .constprop.121]+0x10a
V  [libjvm.so+0x5c1486]  java_lang_String::compute_offsets()+0x36
V  [libjvm.so+0x89e64c]  SystemDictionary::initialize_preloaded_classes(Thread*)+0xcc
V  [libjvm.so+0x8e9598]  Universe::genesis(Thread*)+0x468
V  [libjvm.so+0x8e9ba4]  universe2_init()+0x24
V  [libjvm.so+0x575b7a]  init_globals()+0x9a
V  [libjvm.so+0x8cceaf]  Threads::create_vm(JavaVMInitArgs*, bool*)+0x35f
V  [libjvm.so+0x5df3c4]  JNI_CreateJavaVM+0x54
C  [libjli.so+0x2b18]  __strcat_chk+0x2b18


---------------  P R O C E S S  ---------------

Java Threads: ( => current thread )

Other Threads:

=>0x00007f618800a000 (exited) JavaThread "Unknown thread" [_thread_in_vm, id=6505, stack(0x00007f618f774000,0x00007f618f875000)]

VM state:not at safepoint (not fully initialized)

VM Mutex/Monitor currently owned by a thread: None

GC Heap History (0 events):
No events

Deoptimization events (0 events):
No events

Internal exceptions (0 events):
No events

Events (10 events):
Event: 0.028 loading class 0x00007f618263e6f0 done
Event: 0.028 loading class 0x00007f618263e110 done
Event: 0.028 loading class 0x00007f618263e0f0
Event: 0.028 loading class 0x00007f6182646130
Event: 0.028 loading class 0x00007f6182646130 done
Event: 0.028 loading class 0x00007f6182646160
Event: 0.028 loading class 0x00007f6182646160 done
Event: 0.028 loading class 0x00007f6182646190
Event: 0.028 loading class 0x00007f6182646190 done
Event: 0.030 loading class 0x00007f618263e0f0 done


Dynamic libraries:
00400000-00401000 r-xp 00000000 fc:00 6689716                            /usr/lib/jvm/java-7-openjdk-amd64/jre/bin/java
00600000-00601000 r--p 00000000 fc:00 6689716                            /usr/lib/jvm/java-7-openjdk-amd64/jre/bin/java
00601000-00602000 rw-p 00001000 fc:00 6689716                            /usr/lib/jvm/java-7-openjdk-amd64/jre/bin/java
0156e000-0158f000 rw-p 00000000 00:00 0                                  [heap]
b9a00000-baf00000 rw-p 00000000 00:00 0 
baf00000-c4000000 rw-p 00000000 00:00 0 
c4000000-c6800000 rw-p 00000000 00:00 0 
c6800000-ec000000 rw-p 00000000 00:00 0 
ec000000-ed400000 rw-p 00000000 00:00 0 
ed400000-100000000 rw-p 00000000 00:00 0 
7f616c000000-7f616c021000 rw-p 00000000 00:00 0 
7f616c021000-7f6170000000 ---p 00000000 00:00 0 
7f6174000000-7f6174021000 rw-p 00000000 00:00 0 
7f6174021000-7f6178000000 ---p 00000000 00:00 0 
7f6178000000-7f6178021000 rw-p 00000000 00:00 0 
7f6178021000-7f617c000000 ---p 00000000 00:00 0 
7f617c000000-7f617c021000 rw-p 00000000 00:00 0 
7f617c021000-7f6180000000 ---p 00000000 00:00 0 
7f6182294000-7f61824f1000 rw-p 00000000 00:00 0 
7f61824f1000-7f61825c8000 r--s 013fe000 fc:00 2242408                    /home/simon/Programs/adt-bundle-linux-x86_64-20140321/sdk/platforms/android-19/android.jar
7f61825c8000-7f6184bfc000 rw-p 00000000 00:00 0 
7f6184bfc000-7f6184bfd000 ---p 00000000 00:00 0 
7f6184bfd000-7f6184cfd000 rw-p 00000000 00:00 0                          [stack:6509]
7f6184cfd000-7f6184cfe000 ---p 00000000 00:00 0 
7f6184cfe000-7f6184dfe000 rw-p 00000000 00:00 0                          [stack:6508]
7f6184dfe000-7f6184dff000 ---p 00000000 00:00 0 
7f6184dff000-7f6184eff000 rw-p 00000000 00:00 0                          [stack:6507]
7f6184eff000-7f6184f00000 ---p 00000000 00:00 0 
7f6184f00000-7f6185000000 rw-p 00000000 00:00 0                          [stack:6506]
7f6185000000-7f6185270000 rwxp 00000000 00:00 0 
7f6185270000-7f6188056000 rw-p 00000000 00:00 0 
7f6188056000-7f618c000000 ---p 00000000 00:00 0 
7f618c012000-7f618c045000 rw-p 00000000 00:00 0 
7f618c045000-7f618c08d000 rw-p 00000000 00:00 0 
7f618c08d000-7f618c0a1000 rw-p 00000000 00:00 0 
7f618c0a1000-7f618c1cd000 rw-p 00000000 00:00 0 
7f618c1cd000-7f618c1d8000 rw-p 00000000 00:00 0 
7f618c1d8000-7f618c220000 rw-p 00000000 00:00 0 
7f618c220000-7f618c234000 rw-p 00000000 00:00 0 
7f618c234000-7f618c360000 rw-p 00000000 00:00 0 
7f618c360000-7f618c36a000 rw-p 00000000 00:00 0 
7f618c36a000-7f618c400000 rw-p 00000000 00:00 0 
7f618c400000-7f618c401000 rw-p 00000000 00:00 0 
7f618c401000-7f618c409000 r-xp 00000000 fc:00 6689644                    /usr/lib/jvm/java-7-openjdk-amd64/jre/lib/amd64/libzip.so
7f618c409000-7f618c608000 ---p 00008000 fc:00 6689644                    /usr/lib/jvm/java-7-openjdk-amd64/jre/lib/amd64/libzip.so
7f618c608000-7f618c609000 r--p 00007000 fc:00 6689644                    /usr/lib/jvm/java-7-openjdk-amd64/jre/lib/amd64/libzip.so
7f618c609000-7f618c60a000 rw-p 00008000 fc:00 6689644                    /usr/lib/jvm/java-7-openjdk-amd64/jre/lib/amd64/libzip.so
7f618c60a000-7f618c615000 r-xp 00000000 fc:00 3413791                    /lib/x86_64-linux-gnu/libnss_files-2.19.so
7f618c615000-7f618c814000 ---p 0000b000 fc:00 3413791                    /lib/x86_64-linux-gnu/libnss_files-2.19.so
7f618c814000-7f618c815000 r--p 0000a000 fc:00 3413791                    /lib/x86_64-linux-gnu/libnss_files-2.19.so
7f618c815000-7f618c816000 rw-p 0000b000 fc:00 3413791                    /lib/x86_64-linux-gnu/libnss_files-2.19.so
7f618c816000-7f618c821000 r-xp 00000000 fc:00 3411795                    /lib/x86_64-linux-gnu/libnss_nis-2.19.so
7f618c821000-7f618ca20000 ---p 0000b000 fc:00 3411795                    /lib/x86_64-linux-gnu/libnss_nis-2.19.so
7f618ca20000-7f618ca21000 r--p 0000a000 fc:00 3411795                    /lib/x86_64-linux-gnu/libnss_nis-2.19.so
7f618ca21000-7f618ca22000 rw-p 0000b000 fc:00 3411795                    /lib/x86_64-linux-gnu/libnss_nis-2.19.so
7f618ca22000-7f618ca39000 r-xp 00000000 fc:00 3407898                    /lib/x86_64-linux-gnu/libnsl-2.19.so
7f618ca39000-7f618cc38000 ---p 00017000 fc:00 3407898                    /lib/x86_64-linux-gnu/libnsl-2.19.so
7f618cc38000-7f618cc39000 r--p 00016000 fc:00 3407898                    /lib/x86_64-linux-gnu/libnsl-2.19.so
7f618cc39000-7f618cc3a000 rw-p 00017000 fc:00 3407898                    /lib/x86_64-linux-gnu/libnsl-2.19.so
7f618cc3a000-7f618cc3c000 rw-p 00000000 00:00 0 
7f618cc3c000-7f618cc45000 r-xp 00000000 fc:00 3407980                    /lib/x86_64-linux-gnu/libnss_compat-2.19.so
7f618cc45000-7f618ce44000 ---p 00009000 fc:00 3407980                    /lib/x86_64-linux-gnu/libnss_compat-2.19.so
7f618ce44000-7f618ce45000 r--p 00008000 fc:00 3407980                    /lib/x86_64-linux-gnu/libnss_compat-2.19.so
7f618ce45000-7f618ce46000 rw-p 00009000 fc:00 3407980                    /lib/x86_64-linux-gnu/libnss_compat-2.19.so
7f618ce46000-7f618ce71000 r-xp 00000000 fc:00 6689641                    /usr/lib/jvm/java-7-openjdk-amd64/jre/lib/amd64/libjava.so
7f618ce71000-7f618d070000 ---p 0002b000 fc:00 6689641                    /usr/lib/jvm/java-7-openjdk-amd64/jre/lib/amd64/libjava.so
7f618d070000-7f618d071000 r--p 0002a000 fc:00 6689641                    /usr/lib/jvm/java-7-openjdk-amd64/jre/lib/amd64/libjava.so
7f618d071000-7f618d073000 rw-p 0002b000 fc:00 6689641                    /usr/lib/jvm/java-7-openjdk-amd64/jre/lib/amd64/libjava.so
7f618d073000-7f618d083000 r-xp 00000000 fc:00 6689655                    /usr/lib/jvm/java-7-openjdk-amd64/jre/lib/amd64/libverify.so
7f618d083000-7f618d282000 ---p 00010000 fc:00 6689655                    /usr/lib/jvm/java-7-openjdk-amd64/jre/lib/amd64/libverify.so
7f618d282000-7f618d284000 r--p 0000f000 fc:00 6689655                    /usr/lib/jvm/java-7-openjdk-amd64/jre/lib/amd64/libverify.so
7f618d284000-7f618d285000 rw-p 00011000 fc:00 6689655                    /usr/lib/jvm/java-7-openjdk-amd64/jre/lib/amd64/libverify.so
7f618d285000-7f618d28c000 r-xp 00000000 fc:00 3411788                    /lib/x86_64-linux-gnu/librt-2.19.so
7f618d28c000-7f618d48b000 ---p 00007000 fc:00 3411788                    /lib/x86_64-linux-gnu/librt-2.19.so
7f618d48b000-7f618d48c000 r--p 00006000 fc:00 3411788                    /lib/x86_64-linux-gnu/librt-2.19.so
7f618d48c000-7f618d48d000 rw-p 00007000 fc:00 3411788                    /lib/x86_64-linux-gnu/librt-2.19.so
7f618d48d000-7f618d4a3000 r-xp 00000000 fc:00 3413803                    /lib/x86_64-linux-gnu/libgcc_s.so.1
7f618d4a3000-7f618d6a2000 ---p 00016000 fc:00 3413803                    /lib/x86_64-linux-gnu/libgcc_s.so.1
7f618d6a2000-7f618d6a3000 rw-p 00015000 fc:00 3413803                    /lib/x86_64-linux-gnu/libgcc_s.so.1
7f618d6a3000-7f618d7a8000 r-xp 00000000 fc:00 3412009                    /lib/x86_64-linux-gnu/libm-2.19.so
7f618d7a8000-7f618d9a7000 ---p 00105000 fc:00 3412009                    /lib/x86_64-linux-gnu/libm-2.19.so
7f618d9a7000-7f618d9a8000 r--p 00104000 fc:00 3412009                    /lib/x86_64-linux-gnu/libm-2.19.so
7f618d9a8000-7f618d9a9000 rw-p 00105000 fc:00 3412009                    /lib/x86_64-linux-gnu/libm-2.19.so
7f618d9a9000-7f618da8f000 r-xp 00000000 fc:00 6556245                    /usr/lib/x86_64-linux-gnu/libstdc++.so.6.0.19
7f618da8f000-7f618dc8e000 ---p 000e6000 fc:00 6556245                    /usr/lib/x86_64-linux-gnu/libstdc++.so.6.0.19
7f618dc8e000-7f618dc96000 r--p 000e5000 fc:00 6556245                    /usr/lib/x86_64-linux-gnu/libstdc++.so.6.0.19
7f618dc96000-7f618dc98000 rw-p 000ed000 fc:00 6556245                    /usr/lib/x86_64-linux-gnu/libstdc++.so.6.0.19
7f618dc98000-7f618dcad000 rw-p 00000000 00:00 0 
7f618dcad000-7f618e78e000 r-xp 00000000 fc:00 6689667                    /usr/lib/jvm/java-7-openjdk-amd64/jre/lib/amd64/server/libjvm.so
7f618e78e000-7f618e98d000 ---p 00ae1000 fc:00 6689667                    /usr/lib/jvm/java-7-openjdk-amd64/jre/lib/amd64/server/libjvm.so
7f618e98d000-7f618ea1f000 r--p 00ae0000 fc:00 6689667                    /usr/lib/jvm/java-7-openjdk-amd64/jre/lib/amd64/server/libjvm.so
7f618ea1f000-7f618ea42000 rw-p 00b72000 fc:00 6689667                    /usr/lib/jvm/java-7-openjdk-amd64/jre/lib/amd64/server/libjvm.so
7f618ea42000-7f618ea6f000 rw-p 00000000 00:00 0 
7f618ea6f000-7f618ea87000 r-xp 00000000 fc:00 3412029                    /lib/x86_64-linux-gnu/libz.so.1.2.8
7f618ea87000-7f618ec86000 ---p 00018000 fc:00 3412029                    /lib/x86_64-linux-gnu/libz.so.1.2.8
7f618ec86000-7f618ec87000 r--p 00017000 fc:00 3412029                    /lib/x86_64-linux-gnu/libz.so.1.2.8
7f618ec87000-7f618ec88000 rw-p 00018000 fc:00 3412029                    /lib/x86_64-linux-gnu/libz.so.1.2.8
7f618ec88000-7f618eca1000 r-xp 00000000 fc:00 3407982                    /lib/x86_64-linux-gnu/libpthread-2.19.so
7f618eca1000-7f618eea0000 ---p 00019000 fc:00 3407982                    /lib/x86_64-linux-gnu/libpthread-2.19.so
7f618eea0000-7f618eea1000 r--p 00018000 fc:00 3407982                    /lib/x86_64-linux-gnu/libpthread-2.19.so
7f618eea1000-7f618eea2000 rw-p 00019000 fc:00 3407982                    /lib/x86_64-linux-gnu/libpthread-2.19.so
7f618eea2000-7f618eea6000 rw-p 00000000 00:00 0 
7f618eea6000-7f618eea9000 r-xp 00000000 fc:00 3413798                    /lib/x86_64-linux-gnu/libdl-2.19.so
7f618eea9000-7f618f0a8000 ---p 00003000 fc:00 3413798                    /lib/x86_64-linux-gnu/libdl-2.19.so
7f618f0a8000-7f618f0a9000 r--p 00002000 fc:00 3413798                    /lib/x86_64-linux-gnu/libdl-2.19.so
7f618f0a9000-7f618f0aa000 rw-p 00003000 fc:00 3413798                    /lib/x86_64-linux-gnu/libdl-2.19.so
7f618f0aa000-7f618f266000 r-xp 00000000 fc:00 3407891                    /lib/x86_64-linux-gnu/libc-2.19.so
7f618f266000-7f618f465000 ---p 001bc000 fc:00 3407891                    /lib/x86_64-linux-gnu/libc-2.19.so
7f618f465000-7f618f469000 r--p 001bb000 fc:00 3407891                    /lib/x86_64-linux-gnu/libc-2.19.so
7f618f469000-7f618f46b000 rw-p 001bf000 fc:00 3407891                    /lib/x86_64-linux-gnu/libc-2.19.so
7f618f46b000-7f618f470000 rw-p 00000000 00:00 0 
7f618f470000-7f618f47d000 r-xp 00000000 fc:00 6689672                    /usr/lib/jvm/java-7-openjdk-amd64/jre/lib/amd64/jli/libjli.so
7f618f47d000-7f618f67c000 ---p 0000d000 fc:00 6689672                    /usr/lib/jvm/java-7-openjdk-amd64/jre/lib/amd64/jli/libjli.so
7f618f67c000-7f618f67d000 r--p 0000c000 fc:00 6689672                    /usr/lib/jvm/java-7-openjdk-amd64/jre/lib/amd64/jli/libjli.so
7f618f67d000-7f618f67e000 rw-p 0000d000 fc:00 6689672                    /usr/lib/jvm/java-7-openjdk-amd64/jre/lib/amd64/jli/libjli.so
7f618f67e000-7f618f6a1000 r-xp 00000000 fc:00 3413782                    /lib/x86_64-linux-gnu/ld-2.19.so
7f618f6b4000-7f618f6be000 rw-p 00000000 00:00 0 
7f618f6be000-7f618f774000 rw-p 00000000 00:00 0 
7f618f774000-7f618f777000 ---p 00000000 00:00 0 
7f618f777000-7f618f87a000 rw-p 00000000 00:00 0                          [stack:6505]
7f618f87c000-7f618f894000 rw-p 00000000 00:00 0 
7f618f894000-7f618f89c000 rw-s 00000000 fc:00 6821413                    /tmp/hsperfdata_simon/6500
7f618f89c000-7f618f89d000 rw-p 00000000 00:00 0 
7f618f89d000-7f618f89e000 r--p 00000000 00:00 0 
7f618f89e000-7f618f8a0000 rw-p 00000000 00:00 0 
7f618f8a0000-7f618f8a1000 r--p 00022000 fc:00 3413782                    /lib/x86_64-linux-gnu/ld-2.19.so
7f618f8a1000-7f618f8a2000 rw-p 00023000 fc:00 3413782                    /lib/x86_64-linux-gnu/ld-2.19.so
7f618f8a2000-7f618f8a3000 rw-p 00000000 00:00 0 
7fffe9353000-7fffe9374000 rw-p 00000000 00:00 0                          [stack]
7fffe93fe000-7fffe9400000 r-xp 00000000 00:00 0                          [vdso]
ffffffffff600000-ffffffffff601000 r-xp 00000000 00:00 0                  [vsyscall]

VM Arguments:
jvm_args: -Dfile.encoding=UTF-8 -Xbootclasspath:/home/simon/Programs/adt-bundle-linux-x86_64-20140321/sdk/platforms/android-19/android.jar 
java_command: com.ThailandCrew.skalman2.database
Launcher Type: SUN_STANDARD

Environment Variables:
PATH=/usr/local/sbin:/usr/local/bin:/usr/sbin:/usr/bin:/sbin:/bin:/usr/games:/usr/local/games:/opt/android-sdk-linux/tools:/opt/android-sdk-linux/platform-tools
USERNAME=simon
SHELL=/bin/bash
DISPLAY=:0.0

Signal Handlers:
SIGSEGV: [libjvm.so+0x918520], sa_mask[0]=0x7ffbfeff, sa_flags=0x10000004
SIGBUS: [libjvm.so+0x918520], sa_mask[0]=0x7ffbfeff, sa_flags=0x10000004
SIGFPE: [libjvm.so+0x795d30], sa_mask[0]=0x7ffbfeff, sa_flags=0x10000004
SIGPIPE: [libjvm.so+0x795d30], sa_mask[0]=0x7ffbfeff, sa_flags=0x10000004
SIGXFSZ: [libjvm.so+0x795d30], sa_mask[0]=0x7ffbfeff, sa_flags=0x10000004
SIGILL: [libjvm.so+0x795d30], sa_mask[0]=0x7ffbfeff, sa_flags=0x10000004
SIGUSR1: SIG_DFL, sa_mask[0]=0x00000000, sa_flags=0x00000000
SIGUSR2: [libjvm.so+0x795bd0], sa_mask[0]=0x00000004, sa_flags=0x10000004
SIGHUP: SIG_DFL, sa_mask[0]=0x00000000, sa_flags=0x00000000
SIGINT: SIG_DFL, sa_mask[0]=0x00000000, sa_flags=0x00000000
SIGTERM: SIG_DFL, sa_mask[0]=0x00000000, sa_flags=0x00000000
SIGQUIT: SIG_DFL, sa_mask[0]=0x00000000, sa_flags=0x00000000


---------------  S Y S T E M  ---------------

OS:Ubuntu 14.04 (trusty)
uname:Linux 3.13.0-16-generic #36-Ubuntu SMP Tue Mar 4 23:02:40 UTC 2014 x86_64
libc:glibc 2.19 NPTL 2.19 
rlimit: STACK 8192k, CORE 0k, NPROC 30369, NOFILE 4096, AS infinity
load average:2.91 2.58 2.73

/proc/meminfo:
MemTotal:        3931696 kB
MemFree:          110564 kB
Buffers:            9368 kB
Cached:           727776 kB
SwapCached:       121560 kB
Active:          2678440 kB
Inactive:         888004 kB
Active(anon):    2592008 kB
Inactive(anon):   794524 kB
Active(file):      86432 kB
Inactive(file):    93480 kB
Unevictable:         168 kB
Mlocked:             168 kB
SwapTotal:       4079612 kB
SwapFree:        3300384 kB
Dirty:               280 kB
Writeback:             0 kB
AnonPages:       2777392 kB
Mapped:           253728 kB
Shmem:            556776 kB
Slab:             120816 kB
SReclaimable:      78476 kB
SUnreclaim:        42340 kB
KernelStack:        6024 kB
PageTables:        57988 kB
NFS_Unstable:          0 kB
Bounce:                0 kB
WritebackTmp:          0 kB
CommitLimit:     6045460 kB
Committed_AS:    9366480 kB
VmallocTotal:   34359738367 kB
VmallocUsed:      434712 kB
VmallocChunk:   34359283068 kB
HardwareCorrupted:     0 kB
AnonHugePages:    608256 kB
HugePages_Total:       0
HugePages_Free:        0
HugePages_Rsvd:        0
HugePages_Surp:        0
Hugepagesize:       2048 kB
DirectMap4k:      149720 kB
DirectMap2M:     3999744 kB


CPU:total 4 (2 cores per cpu, 2 threads per core) family 6 model 58 stepping 9, cmov, cx8, fxsr, mmx, sse, sse2, sse3, ssse3, sse4.1, sse4.2, popcnt, avx, aes, erms, ht, tsc, tscinvbit, tscinv

/proc/cpuinfo:
processor	: 0
vendor_id	: GenuineIntel
cpu family	: 6
model		: 58
model name	: Intel(R) Core(TM) i7-3517U CPU @ 1.90GHz
stepping	: 9
microcode	: 0x15
cpu MHz		: 1900.000
cache size	: 4096 KB
physical id	: 0
siblings	: 4
core id		: 0
cpu cores	: 2
apicid		: 0
initial apicid	: 0
fpu		: yes
fpu_exception	: yes
cpuid level	: 13
wp		: yes
flags		: fpu vme de pse tsc msr pae mce cx8 apic sep mtrr pge mca cmov pat pse36 clflush dts acpi mmx fxsr sse sse2 ss ht tm pbe syscall nx rdtscp lm constant_tsc arch_perfmon pebs bts rep_good nopl xtopology nonstop_tsc aperfmperf eagerfpu pni pclmulqdq dtes64 monitor ds_cpl vmx est tm2 ssse3 cx16 xtpr pdcm pcid sse4_1 sse4_2 x2apic popcnt tsc_deadline_timer aes xsave avx f16c rdrand lahf_lm ida arat epb xsaveopt pln pts dtherm tpr_shadow vnmi flexpriority ept vpid fsgsbase smep erms
bogomips	: 4788.78
clflush size	: 64
cache_alignment	: 64
address sizes	: 36 bits physical, 48 bits virtual
power management:

processor	: 1
vendor_id	: GenuineIntel
cpu family	: 6
model		: 58
model name	: Intel(R) Core(TM) i7-3517U CPU @ 1.90GHz
stepping	: 9
microcode	: 0x15
cpu MHz		: 1900.000
cache size	: 4096 KB
physical id	: 0
siblings	: 4
core id		: 1
cpu cores	: 2
apicid		: 2
initial apicid	: 2
fpu		: yes
fpu_exception	: yes
cpuid level	: 13
wp		: yes
flags		: fpu vme de pse tsc msr pae mce cx8 apic sep mtrr pge mca cmov pat pse36 clflush dts acpi mmx fxsr sse sse2 ss ht tm pbe syscall nx rdtscp lm constant_tsc arch_perfmon pebs bts rep_good nopl xtopology nonstop_tsc aperfmperf eagerfpu pni pclmulqdq dtes64 monitor ds_cpl vmx est tm2 ssse3 cx16 xtpr pdcm pcid sse4_1 sse4_2 x2apic popcnt tsc_deadline_timer aes xsave avx f16c rdrand lahf_lm ida arat epb xsaveopt pln pts dtherm tpr_shadow vnmi flexpriority ept vpid fsgsbase smep erms
bogomips	: 4788.78
clflush size	: 64
cache_alignment	: 64
address sizes	: 36 bits physical, 48 bits virtual
power management:

processor	: 2
vendor_id	: GenuineIntel
cpu family	: 6
model		: 58
model name	: Intel(R) Core(TM) i7-3517U CPU @ 1.90GHz
stepping	: 9
microcode	: 0x15
cpu MHz		: 1900.000
cache size	: 4096 KB
physical id	: 0
siblings	: 4
core id		: 0
cpu cores	: 2
apicid		: 1
initial apicid	: 1
fpu		: yes
fpu_exception	: yes
cpuid level	: 13
wp		: yes
flags		: fpu vme de pse tsc msr pae mce cx8 apic sep mtrr pge mca cmov pat pse36 clflush dts acpi mmx fxsr sse sse2 ss ht tm pbe syscall nx rdtscp lm constant_tsc arch_perfmon pebs bts rep_good nopl xtopology nonstop_tsc aperfmperf eagerfpu pni pclmulqdq dtes64 monitor ds_cpl vmx est tm2 ssse3 cx16 xtpr pdcm pcid sse4_1 sse4_2 x2apic popcnt tsc_deadline_timer aes xsave avx f16c rdrand lahf_lm ida arat epb xsaveopt pln pts dtherm tpr_shadow vnmi flexpriority ept vpid fsgsbase smep erms
bogomips	: 4788.78
clflush size	: 64
cache_alignment	: 64
address sizes	: 36 bits physical, 48 bits virtual
power management:

processor	: 3
vendor_id	: GenuineIntel
cpu family	: 6
model		: 58
model name	: Intel(R) Core(TM) i7-3517U CPU @ 1.90GHz
stepping	: 9
microcode	: 0x15
cpu MHz		: 1900.000
cache size	: 4096 KB
physical id	: 0
siblings	: 4
core id		: 1
cpu cores	: 2
apicid		: 3
initial apicid	: 3
fpu		: yes
fpu_exception	: yes
cpuid level	: 13
wp		: yes
flags		: fpu vme de pse tsc msr pae mce cx8 apic sep mtrr pge mca cmov pat pse36 clflush dts acpi mmx fxsr sse sse2 ss ht tm pbe syscall nx rdtscp lm constant_tsc arch_perfmon pebs bts rep_good nopl xtopology nonstop_tsc aperfmperf eagerfpu pni pclmulqdq dtes64 monitor ds_cpl vmx est tm2 ssse3 cx16 xtpr pdcm pcid sse4_1 sse4_2 x2apic popcnt tsc_deadline_timer aes xsave avx f16c rdrand lahf_lm ida arat epb xsaveopt pln pts dtherm tpr_shadow vnmi flexpriority ept vpid fsgsbase smep erms
bogomips	: 4788.78
clflush size	: 64
cache_alignment	: 64
address sizes	: 36 bits physical, 48 bits virtual
power management:



Memory: 4k page, physical 3931696k(110564k free), swap 4079612k(3300384k free)

vm_info: OpenJDK 64-Bit Server VM (24.51-b03) for linux-amd64 JRE (1.7.0_51-b31), built on Apr  8 2014 08:40:48 by "buildd" with gcc 4.8.2

time: Thu May  8 16:17:22 2014
elapsed time: 0 seconds

